#
# There is insufficient memory for the Java Runtime Environment to continue.
# Native memory allocation (malloc) failed to allocate 22020096 bytes for committing reserved memory.
# Possible reasons:
#   The system is out of physical RAM or swap space
#   In 32 bit mode, the process size limit was hit
# Possible solutions:
#   Reduce memory load on the system
#   Increase physical memory or swap space
#   Check if swap backing store is full
#   Use 64 bit Java on a 64 bit OS
#   Decrease Java heap size (-Xmx/-Xms)
#   Decrease number of Java threads
#   Decrease Java thread stack sizes (-Xss)
#   Set larger code cache with -XX:ReservedCodeCacheSize=
# This output file may be truncated or incomplete.
#
#  Out of Memory Error (os_linux.cpp:2726), pid=6064, tid=140570077923072
#
# JRE version: Java(TM) SE Runtime Environment (7.0_51-b13) (build 1.7.0_51-b13)
# Java VM: Java HotSpot(TM) 64-Bit Server VM (24.51-b03 mixed mode linux-amd64 compressed oops)
# Failed to write core dump. Core dumps have been disabled. To enable core dumping, try "ulimit -c unlimited" before starting Java again
#

---------------  T H R E A D  ---------------

Current thread (0x00007fd910133000):  VMThread [stack: 0x00007fd9057f8000,0x00007fd9058f9000] [id=6072]

Stack: [0x00007fd9057f8000,0x00007fd9058f9000],  sp=0x00007fd9058f7160,  free space=1020k
Native frames: (J=compiled Java code, j=interpreted, Vv=VM code, C=native code)
V  [libjvm.so+0x992f4a]  VMError::report_and_die()+0x2ea
V  [libjvm.so+0x4931ab]  report_vm_out_of_memory(char const*, int, unsigned long, char const*)+0x9b
V  [libjvm.so+0x81338e]  os::Linux::commit_memory_impl(char*, unsigned long, bool)+0xfe
V  [libjvm.so+0x81383f]  os::Linux::commit_memory_impl(char*, unsigned long, unsigned long, bool)+0x4f
V  [libjvm.so+0x813a2c]  os::pd_commit_memory(char*, unsigned long, unsigned long, bool)+0xc
V  [libjvm.so+0x80daea]  os::commit_memory(char*, unsigned long, unsigned long, bool)+0x2a
V  [libjvm.so+0x87fcd3]  PSVirtualSpace::expand_by(unsigned long)+0x53
V  [libjvm.so+0x8810a8]  PSYoungGen::resize_generation(unsigned long, unsigned long)+0xf8
V  [libjvm.so+0x880212]  PSYoungGen::resize(unsigned long, unsigned long)+0x22
V  [libjvm.so+0x87d6ab]  PSScavenge::invoke_no_policy()+0xf3b
V  [libjvm.so+0x87de11]  PSScavenge::invoke()+0x41
V  [libjvm.so+0x834f10]  ParallelScavengeHeap::failed_mem_allocate(unsigned long)+0x70
V  [libjvm.so+0x9947e7]  VM_ParallelGCFailedAllocation::doit()+0x97
V  [libjvm.so+0x99bc15]  VM_Operation::evaluate()+0x55
V  [libjvm.so+0x99a04a]  VMThread::evaluate_operation(VM_Operation*)+0xba
V  [libjvm.so+0x99a3ce]  VMThread::loop()+0x1ce
V  [libjvm.so+0x99a840]  VMThread::run()+0x70
V  [libjvm.so+0x815538]  java_start(Thread*)+0x108

VM_Operation (0x00007fd8ffb55410): ParallelGCFailedAllocation, mode: safepoint, requested by thread 0x00007fd8c4001800


---------------  P R O C E S S  ---------------

Java Threads: ( => current thread )
  0x00007fd8b80a9800 JavaThread "FileSystemWatcher: files=#137 cl=groovy.lang.GroovyClassLoader@65d81f33" daemon [_thread_blocked, id=6100, stack(0x00007fd8ff859000,0x00007fd8ff95a000)]
  0x00007fd8b8055800 JavaThread "Thread-3" daemon [_thread_in_native, id=6099, stack(0x00007fd8ff95a000,0x00007fd8ffa5b000)]
  0x00007fd8c4001800 JavaThread "localhost-startStop-1" daemon [_thread_blocked, id=6098, stack(0x00007fd8ffa5b000,0x00007fd8ffb5c000)]
  0x00007fd910bd9000 JavaThread "Tomcat-startStop-1" daemon [_thread_blocked, id=6097, stack(0x00007fd8ffb5c000,0x00007fd8ffc5d000)]
  0x00007fd910be7000 JavaThread "Thread-2" [_thread_in_native, id=6096, stack(0x00007fd8ffe65000,0x00007fd8fff66000)]
  0x00007fd9103ab000 JavaThread "NonBlockingInputStreamThread" daemon [_thread_blocked, id=6088, stack(0x00007fd904592000,0x00007fd904693000)]
  0x00007fd91038f000 JavaThread "process reaper" daemon [_thread_blocked, id=6081, stack(0x00007fd90c03e000,0x00007fd90c077000)]
  0x00007fd910238800 JavaThread "Service Thread" daemon [_thread_blocked, id=6078, stack(0x00007fd904995000,0x00007fd904a96000)]
  0x00007fd910229000 JavaThread "C2 CompilerThread1" daemon [_thread_blocked, id=6077, stack(0x00007fd904a96000,0x00007fd904b97000)]
  0x00007fd910227800 JavaThread "C2 CompilerThread0" daemon [_thread_blocked, id=6076, stack(0x00007fd904b97000,0x00007fd904c98000)]
  0x00007fd910150000 JavaThread "Signal Dispatcher" daemon [_thread_blocked, id=6075, stack(0x00007fd904e14000,0x00007fd904f15000)]
  0x00007fd910139800 JavaThread "Finalizer" daemon [_thread_blocked, id=6074, stack(0x00007fd9055f6000,0x00007fd9056f7000)]
  0x00007fd910135000 JavaThread "Reference Handler" daemon [_thread_blocked, id=6073, stack(0x00007fd9056f7000,0x00007fd9057f8000)]
  0x00007fd91000c800 JavaThread "main" [_thread_blocked, id=6067, stack(0x00007fd917410000,0x00007fd917511000)]

Other Threads:
=>0x00007fd910133000 VMThread [stack: 0x00007fd9057f8000,0x00007fd9058f9000] [id=6072]
  0x00007fd91024a800 WatcherThread [stack: 0x00007fd904894000,0x00007fd904995000] [id=6079]

VM state:at safepoint (normal execution)

VM Mutex/Monitor currently owned by a thread:  ([mutex/lock_event])
[0x00007fd9100089f0] Threads_lock - owner thread: 0x00007fd910133000
[0x00007fd910008ef0] Heap_lock - owner thread: 0x00007fd8c4001800

Heap
 PSYoungGen      total 193024K, used 17948K [0x00000000f0000000, 0x00000000fe600000, 0x0000000100000000)
  eden space 172544K, 0% used [0x00000000f0000000,0x00000000f0000000,0x00000000fa880000)
  from space 20480K, 87% used [0x00000000fd200000,0x00000000fe3871d8,0x00000000fe600000)
  to   space 16384K, 0% used [0x00000000fa880000,0x00000000fa880000,0x00000000fb880000)
 ParOldGen       total 97280K, used 35447K [0x00000000d0000000, 0x00000000d5f00000, 0x00000000f0000000)
  object space 97280K, 36% used [0x00000000d0000000,0x00000000d229df48,0x00000000d5f00000)
 PSPermGen       total 37376K, used 37306K [0x00000000c0000000, 0x00000000c2480000, 0x00000000d0000000)
  object space 37376K, 99% used [0x00000000c0000000,0x00000000c246ebf8,0x00000000c2480000)

Card table byte_map: [0x00007fd91430c000,0x00007fd91450d000] byte_map_base: 0x00007fd913d0c000

Polling page: 0x00007fd917527000

Code Cache  [0x00007fd90d000000, 0x00007fd90d470000, 0x00007fd910000000)
 total_blobs=1196 nmethods=630 adapters=519 free_code_cache=44756Kb largest_free_block=45723072

Compilation events (10 events):
Event: 27,207 Thread 0x00007fd910227800  670 %           java.lang.Class$MethodArray::addIfNotPresent @ 2 (47 bytes)
Event: 27,208 Thread 0x00007fd910229000  671             java.lang.Exception::<init> (6 bytes)
Event: 27,218 Thread 0x00007fd910229000 nmethod 671 0x00007fd90d2dae50 code [0x00007fd90d2dafe0, 0x00007fd90d2db6f8]
Event: 27,218 Thread 0x00007fd910229000  672             java.lang.Class$MethodArray::addAllIfNotPresent (32 bytes)
Event: 27,238 Thread 0x00007fd910227800 nmethod 670% 0x00007fd90d2decd0 code [0x00007fd90d2dee60, 0x00007fd90d2df398]
Event: 27,244 Thread 0x00007fd910229000 nmethod 672 0x00007fd90d2de090 code [0x00007fd90d2de200, 0x00007fd90d2de838]
Event: 27,320 Thread 0x00007fd910227800  673             java.lang.Class$MethodArray::addIfNotPresent (47 bytes)
Event: 27,338 Thread 0x00007fd910227800 nmethod 673 0x00007fd90d425390 code [0x00007fd90d425500, 0x00007fd90d425978]
Event: 27,879 Thread 0x00007fd910229000  674   !         sun.misc.URLClassPath::check (123 bytes)
Event: 27,881 Thread 0x00007fd910229000 nmethod 674 0x00007fd90d2dde50 code [0x00007fd90d2ddf80, 0x00007fd90d2ddff8]

GC Heap History (10 events):
Event: 16,219 GC heap after
Heap after GC invocations=24 (full 3):
 PSYoungGen      total 139264K, used 7671K [0x00000000f0000000, 0x00000000fa800000, 0x0000000100000000)
  eden space 131584K, 0% used [0x00000000f0000000,0x00000000f0000000,0x00000000f8080000)
  from space 7680K, 99% used [0x00000000f8080000,0x00000000f87fde50,0x00000000f8800000)
  to   space 9728K, 0% used [0x00000000f9e80000,0x00000000f9e80000,0x00000000fa800000)
 ParOldGen       total 97280K, used 18662K [0x00000000d0000000, 0x00000000d5f00000, 0x00000000f0000000)
  object space 97280K, 19% used [0x00000000d0000000,0x00000000d12398b8,0x00000000d5f00000)
 PSPermGen       total 30720K, used 30510K [0x00000000c0000000, 0x00000000c1e00000, 0x00000000d0000000)
  object space 30720K, 99% used [0x00000000c0000000,0x00000000c1dcbac8,0x00000000c1e00000)
}
Event: 16,974 GC heap before
{Heap before GC invocations=25 (full 3):
 PSYoungGen      total 139264K, used 139255K [0x00000000f0000000, 0x00000000fa800000, 0x0000000100000000)
  eden space 131584K, 100% used [0x00000000f0000000,0x00000000f8080000,0x00000000f8080000)
  from space 7680K, 99% used [0x00000000f8080000,0x00000000f87fde50,0x00000000f8800000)
  to   space 9728K, 0% used [0x00000000f9e80000,0x00000000f9e80000,0x00000000fa800000)
 ParOldGen       total 97280K, used 18662K [0x00000000d0000000, 0x00000000d5f00000, 0x00000000f0000000)
  object space 97280K, 19% used [0x00000000d0000000,0x00000000d12398b8,0x00000000d5f00000)
 PSPermGen       total 31744K, used 31465K [0x00000000c0000000, 0x00000000c1f00000, 0x00000000d0000000)
  object space 31744K, 99% used [0x00000000c0000000,0x00000000c1eba520,0x00000000c1f00000)
Event: 16,992 GC heap after
Heap after GC invocations=25 (full 3):
 PSYoungGen      total 161280K, used 9500K [0x00000000f0000000, 0x00000000fa980000, 0x0000000100000000)
  eden space 151552K, 0% used [0x00000000f0000000,0x00000000f0000000,0x00000000f9400000)
  from space 9728K, 97% used [0x00000000f9e80000,0x00000000fa7c70a8,0x00000000fa800000)
  to   space 10752K, 0% used [0x00000000f9400000,0x00000000f9400000,0x00000000f9e80000)
 ParOldGen       total 97280K, used 19454K [0x00000000d0000000, 0x00000000d5f00000, 0x00000000f0000000)
  object space 97280K, 19% used [0x00000000d0000000,0x00000000d12ff8d8,0x00000000d5f00000)
 PSPermGen       total 31744K, used 31465K [0x00000000c0000000, 0x00000000c1f00000, 0x00000000d0000000)
  object space 31744K, 99% used [0x00000000c0000000,0x00000000c1eba520,0x00000000c1f00000)
}
Event: 18,490 GC heap before
{Heap before GC invocations=26 (full 3):
 PSYoungGen      total 161280K, used 151624K [0x00000000f0000000, 0x00000000fa980000, 0x0000000100000000)
  eden space 151552K, 93% used [0x00000000f0000000,0x00000000f8acb0d8,0x00000000f9400000)
  from space 9728K, 97% used [0x00000000f9e80000,0x00000000fa7c70a8,0x00000000fa800000)
  to   space 10752K, 0% used [0x00000000f9400000,0x00000000f9400000,0x00000000f9e80000)
 ParOldGen       total 97280K, used 19454K [0x00000000d0000000, 0x00000000d5f00000, 0x00000000f0000000)
  object space 97280K, 19% used [0x00000000d0000000,0x00000000d12ff8d8,0x00000000d5f00000)
 PSPermGen       total 32768K, used 32498K [0x00000000c0000000, 0x00000000c2000000, 0x00000000d0000000)
  object space 32768K, 99% used [0x00000000c0000000,0x00000000c1fbcb60,0x00000000c2000000)
Event: 18,544 GC heap after
Heap after GC invocations=26 (full 3):
 PSYoungGen      total 162304K, used 10725K [0x00000000f0000000, 0x00000000fc500000, 0x0000000100000000)
  eden space 151552K, 0% used [0x00000000f0000000,0x00000000f0000000,0x00000000f9400000)
  from space 10752K, 99% used [0x00000000f9400000,0x00000000f9e797c8,0x00000000f9e80000)
  to   space 12800K, 0% used [0x00000000fb880000,0x00000000fb880000,0x00000000fc500000)
 ParOldGen       total 97280K, used 21568K [0x00000000d0000000, 0x00000000d5f00000, 0x00000000f0000000)
  object space 97280K, 22% used [0x00000000d0000000,0x00000000d1510280,0x00000000d5f00000)
 PSPermGen       total 32768K, used 32498K [0x00000000c0000000, 0x00000000c2000000, 0x00000000d0000000)
  object space 32768K, 99% used [0x00000000c0000000,0x00000000c1fbcb60,0x00000000c2000000)
}
Event: 20,281 GC heap before
{Heap before GC invocations=27 (full 3):
 PSYoungGen      total 162304K, used 155593K [0x00000000f0000000, 0x00000000fc500000, 0x0000000100000000)
  eden space 151552K, 95% used [0x00000000f0000000,0x00000000f8d78fd0,0x00000000f9400000)
  from space 10752K, 99% used [0x00000000f9400000,0x00000000f9e797c8,0x00000000f9e80000)
  to   space 12800K, 0% used [0x00000000fb880000,0x00000000fb880000,0x00000000fc500000)
 ParOldGen       total 97280K, used 21568K [0x00000000d0000000, 0x00000000d5f00000, 0x00000000f0000000)
  object space 97280K, 22% used [0x00000000d0000000,0x00000000d1510280,0x00000000d5f00000)
 PSPermGen       total 34816K, used 34553K [0x00000000c0000000, 0x00000000c2200000, 0x00000000d0000000)
  object space 34816K, 99% used [0x00000000c0000000,0x00000000c21be558,0x00000000c2200000)
Event: 20,349 GC heap after
Heap after GC invocations=27 (full 3):
 PSYoungGen      total 185344K, used 12784K [0x00000000f0000000, 0x00000000fcd80000, 0x0000000100000000)
  eden space 172544K, 0% used [0x00000000f0000000,0x00000000f0000000,0x00000000fa880000)
  from space 12800K, 99% used [0x00000000fb880000,0x00000000fc4fc180,0x00000000fc500000)
  to   space 16384K, 0% used [0x00000000fa880000,0x00000000fa880000,0x00000000fb880000)
 ParOldGen       total 97280K, used 25364K [0x00000000d0000000, 0x00000000d5f00000, 0x00000000f0000000)
  object space 97280K, 26% used [0x00000000d0000000,0x00000000d18c50c0,0x00000000d5f00000)
 PSPermGen       total 34816K, used 34553K [0x00000000c0000000, 0x00000000c2200000, 0x00000000d0000000)
  object space 34816K, 99% used [0x00000000c0000000,0x00000000c21be558,0x00000000c2200000)
}
Event: 23,015 GC heap before
{Heap before GC invocations=28 (full 3):
 PSYoungGen      total 185344K, used 185328K [0x00000000f0000000, 0x00000000fcd80000, 0x0000000100000000)
  eden space 172544K, 100% used [0x00000000f0000000,0x00000000fa880000,0x00000000fa880000)
  from space 12800K, 99% used [0x00000000fb880000,0x00000000fc4fc180,0x00000000fc500000)
  to   space 16384K, 0% used [0x00000000fa880000,0x00000000fa880000,0x00000000fb880000)
 ParOldGen       total 97280K, used 25364K [0x00000000d0000000, 0x00000000d5f00000, 0x00000000f0000000)
  object space 97280K, 26% used [0x00000000d0000000,0x00000000d18c50c0,0x00000000d5f00000)
 PSPermGen       total 36352K, used 36250K [0x00000000c0000000, 0x00000000c2380000, 0x00000000d0000000)
  object space 36352K, 99% used [0x00000000c0000000,0x00000000c2366af8,0x00000000c2380000)
Event: 23,097 GC heap after
Heap after GC invocations=28 (full 3):
 PSYoungGen      total 188928K, used 16364K [0x00000000f0000000, 0x00000000fe600000, 0x0000000100000000)
  eden space 172544K, 0% used [0x00000000f0000000,0x00000000f0000000,0x00000000fa880000)
  from space 16384K, 99% used [0x00000000fa880000,0x00000000fb87b238,0x00000000fb880000)
  to   space 20480K, 0% used [0x00000000fd200000,0x00000000fd200000,0x00000000fe600000)
 ParOldGen       total 97280K, used 30140K [0x00000000d0000000, 0x00000000d5f00000, 0x00000000f0000000)
  object space 97280K, 30% used [0x00000000d0000000,0x00000000d1d6f118,0x00000000d5f00000)
 PSPermGen       total 36352K, used 36250K [0x00000000c0000000, 0x00000000c2380000, 0x00000000d0000000)
  object space 36352K, 99% used [0x00000000c0000000,0x00000000c2366af8,0x00000000c2380000)
}
Event: 28,005 GC heap before
{Heap before GC invocations=29 (full 3):
 PSYoungGen      total 188928K, used 188908K [0x00000000f0000000, 0x00000000fe600000, 0x0000000100000000)
  eden space 172544K, 100% used [0x00000000f0000000,0x00000000fa880000,0x00000000fa880000)
  from space 16384K, 99% used [0x00000000fa880000,0x00000000fb87b238,0x00000000fb880000)
  to   space 20480K, 0% used [0x00000000fd200000,0x00000000fd200000,0x00000000fe600000)
 ParOldGen       total 97280K, used 30140K [0x00000000d0000000, 0x00000000d5f00000, 0x00000000f0000000)
  object space 97280K, 30% used [0x00000000d0000000,0x00000000d1d6f118,0x00000000d5f00000)
 PSPermGen       total 37376K, used 37306K [0x00000000c0000000, 0x00000000c2480000, 0x00000000d0000000)
  object space 37376K, 99% used [0x00000000c0000000,0x00000000c246ebf8,0x00000000c2480000)

Deoptimization events (10 events):
Event: 20,089 Thread 0x00007fd8c4001800 Uncommon trap: reason=bimorphic action=maybe_recompile pc=0x00007fd90d309d84 method=java.util.regex.Pattern$Curly.match(Ljava/util/regex/Matcher;ILjava/lang/CharSequence;)Z @ 19
Event: 20,089 Thread 0x00007fd8c4001800 Uncommon trap: reason=bimorphic action=maybe_recompile pc=0x00007fd90d2d6b7c method=java.util.regex.Pattern$Curly.match0(Ljava/util/regex/Matcher;IILjava/lang/CharSequence;)Z @ 170
Event: 20,089 Thread 0x00007fd8c4001800 Uncommon trap: reason=bimorphic action=maybe_recompile pc=0x00007fd90d309d84 method=java.util.regex.Pattern$Curly.match(Ljava/util/regex/Matcher;ILjava/lang/CharSequence;)Z @ 19
Event: 20,089 Thread 0x00007fd8c4001800 Uncommon trap: reason=bimorphic action=maybe_recompile pc=0x00007fd90d2d6b7c method=java.util.regex.Pattern$Curly.match0(Ljava/util/regex/Matcher;IILjava/lang/CharSequence;)Z @ 170
Event: 20,089 Thread 0x00007fd8c4001800 Uncommon trap: reason=bimorphic action=maybe_recompile pc=0x00007fd90d309d84 method=java.util.regex.Pattern$Curly.match(Ljava/util/regex/Matcher;ILjava/lang/CharSequence;)Z @ 19
Event: 22,418 Thread 0x00007fd8c4001800 Uncommon trap: reason=null_check action=make_not_entrant pc=0x00007fd90d3e69cc method=java.beans.PropertyDescriptor.setWriteMethod(Ljava/lang/reflect/Method;)V @ 60
Event: 22,429 Thread 0x00007fd8c4001800 Uncommon trap: reason=null_check action=make_not_entrant pc=0x00007fd90d2ef818 method=java.lang.reflect.Method.getAnnotation(Ljava/lang/Class;)Ljava/lang/annotation/Annotation; @ 22
Event: 27,202 Thread 0x00007fd8c4001800 Uncommon trap: reason=unreached action=reinterpret pc=0x00007fd90d185bc8 method=java.lang.Class$MethodArray.addIfNotPresent(Ljava/lang/reflect/Method;)V @ 19
Event: 27,220 Thread 0x00007fd8c4001800 Uncommon trap: reason=unloaded action=reinterpret pc=0x00007fd90d35c76c method=org.codehaus.groovy.grails.commons.ClassPropertyFetcher$2.doWith(Ljava/lang/reflect/Field;)V @ 55
Event: 27,788 Thread 0x00007fd8c4001800 Uncommon trap: reason=predicate action=maybe_recompile pc=0x00007fd90d26aaac method=java.util.TimSort.binarySort([Ljava/lang/Object;IIILjava/util/Comparator;)V @ 37

Internal exceptions (10 events):
Event: 27,881 Thread 0x00007fd8c4001800 Threw 0x00000000fa7ffff8 at /HUDSON/workspace/7u-2-build-linux-amd64@2/jdk7u51/527/hotspot/src/share/vm/prims/jvm.cpp:1244
Event: 27,882 Thread 0x00007fd8c4001800 Threw 0x00000000fa8221f0 at /HUDSON/workspace/7u-2-build-linux-amd64@2/jdk7u51/527/hotspot/src/share/vm/prims/jvm.cpp:1244
Event: 27,882 Thread 0x00007fd8c4001800 Threw 0x00000000fa822910 at /HUDSON/workspace/7u-2-build-linux-amd64@2/jdk7u51/527/hotspot/src/share/vm/classfile/systemDictionary.cpp:185
Event: 27,883 Thread 0x00007fd8c4001800 Threw 0x00000000fa82b180 at /HUDSON/workspace/7u-2-build-linux-amd64@2/jdk7u51/527/hotspot/src/share/vm/prims/jvm.cpp:1244
Event: 27,883 Thread 0x00007fd8c4001800 Threw 0x00000000fa82f578 at /HUDSON/workspace/7u-2-build-linux-amd64@2/jdk7u51/527/hotspot/src/share/vm/prims/jvm.cpp:1244
Event: 27,909 Thread 0x00007fd8c4001800 Threw 0x00000000fa83c158 at /HUDSON/workspace/7u-2-build-linux-amd64@2/jdk7u51/527/hotspot/src/share/vm/prims/jvm.cpp:1244
Event: 27,909 Thread 0x00007fd8c4001800 Threw 0x00000000fa841b20 at /HUDSON/workspace/7u-2-build-linux-amd64@2/jdk7u51/527/hotspot/src/share/vm/prims/jvm.cpp:1244
Event: 27,910 Thread 0x00007fd8c4001800 Threw 0x00000000fa8543e8 at /HUDSON/workspace/7u-2-build-linux-amd64@2/jdk7u51/527/hotspot/src/share/vm/prims/jvm.cpp:1244
Event: 27,910 Thread 0x00007fd8c4001800 Threw 0x00000000fa858f50 at /HUDSON/workspace/7u-2-build-linux-amd64@2/jdk7u51/527/hotspot/src/share/vm/prims/jvm.cpp:1244
Event: 27,911 Thread 0x00007fd8c4001800 Threw 0x00000000fa86b2b0 at /HUDSON/workspace/7u-2-build-linux-amd64@2/jdk7u51/527/hotspot/src/share/vm/prims/jvm.cpp:1244

Events (10 events):
Event: 27,880 loading class 0x00007fd8b823c780 done
Event: 27,882 loading class 0x00007fd8b823c780
Event: 27,882 loading class 0x00007fd8b823c780 done
Event: 27,883 loading class 0x00007fd8b84a8220
Event: 27,883 loading class 0x00007fd8b84a8220 done
Event: 27,909 loading class 0x00007fd8b823c630
Event: 27,909 loading class 0x00007fd8b823c630 done
Event: 27,910 loading class 0x00007fd8b823c710
Event: 27,910 loading class 0x00007fd8b823c710 done
Event: 28,005 Executing VM operation: ParallelGCFailedAllocation


Dynamic libraries:
00400000-00401000 r-xp 00000000 07:00 150371                             /home/natalia/Software/jdk1.7.0_51/bin/java
00600000-00601000 rw-p 00000000 07:00 150371                             /home/natalia/Software/jdk1.7.0_51/bin/java
01146000-01167000 rw-p 00000000 00:00 0                                  [heap]
c0000000-c2480000 rw-p 00000000 00:00 0 
c2480000-d0000000 rw-p 00000000 00:00 0 
d0000000-d5f00000 rw-p 00000000 00:00 0 
d5f00000-dcb00000 ---p 00000000 00:00 0 
dcb00000-f0000000 rw-p 00000000 00:00 0 
f0000000-fe600000 rw-p 00000000 00:00 0 
ffb00000-100000000 rw-p 00000000 00:00 0 
7fd8b0000000-7fd8b0021000 rw-p 00000000 00:00 0 
7fd8b0021000-7fd8b4000000 ---p 00000000 00:00 0 
7fd8b8000000-7fd8b86b0000 rw-p 00000000 00:00 0 
7fd8b86b0000-7fd8bc000000 ---p 00000000 00:00 0 
7fd8bc000000-7fd8bc021000 rw-p 00000000 00:00 0 
7fd8bc021000-7fd8c0000000 ---p 00000000 00:00 0 
7fd8c0000000-7fd8c0021000 rw-p 00000000 00:00 0 
7fd8c0021000-7fd8c4000000 ---p 00000000 00:00 0 
7fd8c4000000-7fd8c4021000 rw-p 00000000 00:00 0 
7fd8c4021000-7fd8c8000000 ---p 00000000 00:00 0 
7fd8c8000000-7fd8c8021000 rw-p 00000000 00:00 0 
7fd8c8021000-7fd8cc000000 ---p 00000000 00:00 0 
7fd8cc000000-7fd8cc021000 rw-p 00000000 00:00 0 
7fd8cc021000-7fd8d0000000 ---p 00000000 00:00 0 
7fd8d0000000-7fd8d0021000 rw-p 00000000 00:00 0 
7fd8d0021000-7fd8d4000000 ---p 00000000 00:00 0 
7fd8d4000000-7fd8d4021000 rw-p 00000000 00:00 0 
7fd8d4021000-7fd8d8000000 ---p 00000000 00:00 0 
7fd8d8000000-7fd8db924000 rw-p 00000000 00:00 0 
7fd8db924000-7fd8dc000000 ---p 00000000 00:00 0 
7fd8dc000000-7fd8df898000 rw-p 00000000 00:00 0 
7fd8df898000-7fd8e0000000 ---p 00000000 00:00 0 
7fd8e0000000-7fd8e0021000 rw-p 00000000 00:00 0 
7fd8e0021000-7fd8e4000000 ---p 00000000 00:00 0 
7fd8e4000000-7fd8e4021000 rw-p 00000000 00:00 0 
7fd8e4021000-7fd8e8000000 ---p 00000000 00:00 0 
7fd8e8000000-7fd8e824b000 rw-p 00000000 00:00 0 
7fd8e824b000-7fd8ec000000 ---p 00000000 00:00 0 
7fd8ec000000-7fd8ec021000 rw-p 00000000 00:00 0 
7fd8ec021000-7fd8f0000000 ---p 00000000 00:00 0 
7fd8f0000000-7fd8f002b000 rw-p 00000000 00:00 0 
7fd8f002b000-7fd8f4000000 ---p 00000000 00:00 0 
7fd8f8000000-7fd8f8025000 rw-p 00000000 00:00 0 
7fd8f8025000-7fd8fc000000 ---p 00000000 00:00 0 
7fd8ff859000-7fd8ff85c000 ---p 00000000 00:00 0 
7fd8ff85c000-7fd8ff95a000 rw-p 00000000 00:00 0                          [stack:6100]
7fd8ff95a000-7fd8ff95d000 ---p 00000000 00:00 0 
7fd8ff95d000-7fd8ffa5b000 rw-p 00000000 00:00 0                          [stack:6099]
7fd8ffa5b000-7fd8ffa5e000 ---p 00000000 00:00 0 
7fd8ffa5e000-7fd8ffb5c000 rw-p 00000000 00:00 0                          [stack:6098]
7fd8ffb5c000-7fd8ffb5f000 ---p 00000000 00:00 0 
7fd8ffb5f000-7fd8ffc5d000 rw-p 00000000 00:00 0                          [stack:6097]
7fd8ffc5d000-7fd8ffc65000 r-xp 00000000 07:00 291529                     /home/natalia/Software/jdk1.7.0_51/jre/lib/amd64/libmanagement.so
7fd8ffc65000-7fd8ffe64000 ---p 00008000 07:00 291529                     /home/natalia/Software/jdk1.7.0_51/jre/lib/amd64/libmanagement.so
7fd8ffe64000-7fd8ffe65000 rw-p 00007000 07:00 291529                     /home/natalia/Software/jdk1.7.0_51/jre/lib/amd64/libmanagement.so
7fd8ffe65000-7fd8ffe68000 ---p 00000000 00:00 0 
7fd8ffe68000-7fd8fff66000 rw-p 00000000 00:00 0                          [stack:6096]
7fd8fff66000-7fd8fff69000 r--s 00012000 07:00 660576                     /home/natalia/.m2/repository/javax/servlet/javax.servlet-api/3.0.1/javax.servlet-api-3.0.1.jar
7fd8fff69000-7fd8fff7a000 r--s 000d2000 07:00 660726                     /home/natalia/.m2/repository/org/liquibase/liquibase-core/2.0.5/liquibase-core-2.0.5.jar
7fd8fff7a000-7fd8fff7d000 r--s 0000f000 07:00 660724                     /home/natalia/.m2/repository/org/hibernate/hibernate-commons-annotations/3.2.0.Final/hibernate-commons-annotations-3.2.0.Final.jar
7fd8fff7d000-7fd8fff87000 r--s 0005f000 07:00 660722                     /home/natalia/.m2/repository/org/hibernate/hibernate-entitymanager/3.6.10.Final/hibernate-entitymanager-3.6.10.Final.jar
7fd8fff87000-7fd8fff8e000 r--s 00040000 07:00 660720                     /home/natalia/.m2/repository/org/hibernate/hibernate-validator/4.1.0.Final/hibernate-validator-4.1.0.Final.jar
7fd8fff8e000-7fd8fff91000 r--s 00009000 07:00 660718                     /home/natalia/.m2/repository/javax/validation/validation-api/1.0.0.GA/validation-api-1.0.0.GA.jar
7fd8fff91000-7fd8fffc3000 r--s 002c9000 07:00 660717                     /home/natalia/.m2/repository/org/hibernate/hibernate-core/3.6.10.Final/hibernate-core-3.6.10.Final.jar
7fd8fffc3000-7fd8fffcc000 r--s 00056000 07:00 660714                     /home/natalia/.m2/repository/org/springframework/spring-orm/3.2.8.RELEASE/spring-orm-3.2.8.RELEASE.jar
7fd8fffcc000-7fd8fffd1000 r--s 00048000 07:00 660712                     /home/natalia/.m2/repository/dom4j/dom4j/1.6.1/dom4j-1.6.1.jar
7fd8fffd1000-7fd8fffd3000 r--s 00009000 07:00 660710                     /home/natalia/.m2/repository/org/grails/grails-datastore-gorm-plugin-support/3.0.2.RELEASE/grails-datastore-gorm-plugin-support-3.0.2.RELEASE.jar
7fd8fffd3000-7fd8fffd8000 r--s 00068000 07:00 660708                     /home/natalia/.m2/repository/antlr/antlr/2.7.7/antlr-2.7.7.jar
7fd8fffd8000-7fd8fffdc000 r--s 00035000 07:00 660706                     /home/natalia/.m2/repository/org/grails/grails-datastore-gorm-hibernate-core/3.0.2.RELEASE/grails-datastore-gorm-hibernate-core-3.0.2.RELEASE.jar
7fd8fffdc000-7fd8fffe3000 r--s 0004a000 07:00 660704                     /home/natalia/.m2/repository/org/grails/grails-datastore-gorm-hibernate/3.0.2.RELEASE/grails-datastore-gorm-hibernate-3.0.2.RELEASE.jar
7fd8fffe3000-7fd8fffea000 r--s 00040000 07:00 660702                     /home/natalia/.m2/repository/cglib/cglib/2.2.2/cglib-2.2.2.jar
7fd8fffea000-7fd900000000 r--s 000e6000 07:00 660700                     /home/natalia/.m2/repository/net/sf/ehcache/ehcache-core/2.4.8/ehcache-core-2.4.8.jar
7fd900000000-7fd90003c000 rw-p 00000000 00:00 0 
7fd90003c000-7fd904000000 ---p 00000000 00:00 0 
7fd904000000-7fd904001000 r--s 00002000 07:00 660698                     /home/natalia/.m2/repository/org/hibernate/hibernate-ehcache/3.6.10.Final/hibernate-ehcache-3.6.10.Final.jar
7fd904001000-7fd904005000 r--s 0002c000 07:00 660598                     /home/natalia/.m2/repository/org/springframework/spring-expression/3.2.8.RELEASE/spring-expression-3.2.8.RELEASE.jar
7fd904005000-7fd90400f000 r--s 0004a000 07:00 663029                     /home/natalia/.m2/repository/org/springframework/security/spring-security-web/3.2.3.RELEASE/spring-security-web-3.2.3.RELEASE.jar
7fd90400f000-7fd90401a000 r--s 0004d000 07:00 663027                     /home/natalia/.m2/repository/org/springframework/security/spring-security-core/3.2.3.RELEASE/spring-security-core-3.2.3.RELEASE.jar
7fd90401a000-7fd90401d000 r--s 0008f000 07:00 660696                     /home/natalia/.m2/repository/org/grails/grails-resources/2.3.7/grails-resources-2.3.7.jar
7fd90401d000-7fd90402a000 r--s 00174000 07:00 538512                     /home/natalia/.m2/repository/com/h2database/h2/1.3.173/h2-1.3.173.jar
7fd90402a000-7fd90402c000 r--s 00009000 07:00 538449                     /home/natalia/.m2/repository/org/hamcrest/hamcrest-core/1.3/hamcrest-core-1.3.jar
7fd90402c000-7fd90402d000 r--s 00003000 07:00 660690                     /home/natalia/.m2/repository/javax/transaction/jta/1.1/jta-1.1.jar
7fd90402d000-7fd904036000 r--s 000a5000 07:00 660683                     /home/natalia/.m2/repository/org/javassist/javassist/3.17.1-GA/javassist-3.17.1-GA.jar
7fd904036000-7fd904040000 r--s 00051000 07:00 404478                     /home/natalia/.m2/repository/org/grails/grails-datastore-core/3.0.2.RELEASE/grails-datastore-core-3.0.2.RELEASE.jar
7fd904040000-7fd904043000 r--s 00018000 07:00 404476                     /home/natalia/.m2/repository/org/grails/grails-plugin-domain-class/2.3.7/grails-plugin-domain-class-2.3.7.jar
7fd904043000-7fd904049000 r--s 0004c000 07:00 404474                     /home/natalia/.m2/repository/org/grails/grails-datastore-simple/3.0.2.RELEASE/grails-datastore-simple-3.0.2.RELEASE.jar
7fd904049000-7fd904052000 r--s 0007a000 07:00 538510                     /home/natalia/.m2/repository/org/grails/grails-datastore-gorm/3.0.2.RELEASE/grails-datastore-gorm-3.0.2.RELEASE.jar
7fd904052000-7fd904056000 r--s 00021000 07:00 660686                     /home/natalia/.m2/repository/org/grails/grails-plugin-converters/2.3.7/grails-plugin-converters-2.3.7.jar
7fd904056000-7fd904058000 r--s 0000c000 07:00 660682                     /home/natalia/.m2/repository/org/grails/grails-plugin-mimetypes/2.3.7/grails-plugin-mimetypes-2.3.7.jar
7fd904058000-7fd90405a000 r--s 00011000 07:00 404472                     /home/natalia/.m2/repository/org/grails/grails-async/2.3.7/grails-async-2.3.7.jar
7fd90405a000-7fd90405b000 r--s 0000e000 07:00 660678                     /home/natalia/.m2/repository/org/codehaus/jsr166-mirror/jsr166y/1.7.0/jsr166y-1.7.0.jar
7fd90405b000-7fd904061000 r--s 00037000 07:00 660676                     /home/natalia/.m2/repository/org/multiverse/multiverse-core/0.7.0/multiverse-core-0.7.0.jar
7fd904061000-7fd90407d000 r--s 00134000 07:00 538508                     /home/natalia/.m2/repository/org/codehaus/gpars/gpars/1.1.0/gpars-1.1.0.jar
7fd90407d000-7fd90407f000 r--s 0000d000 07:00 660675                     /home/natalia/.m2/repository/org/grails/grails-plugin-async/2.3.7/grails-plugin-async-2.3.7.jar
7fd90407f000-7fd904082000 r--s 0000b000 07:00 660672                     /home/natalia/.m2/repository/com/googlecode/concurrentlinkedhashmap/concurrentlinkedhashmap-lru/1.3.1/concurrentlinkedhashmap-lru-1.3.1.jar
7fd904082000-7fd904086000 r--s 00027000 07:00 660670                     /home/natalia/.m2/repository/commons-io/commons-io/2.2/commons-io-2.2.jar
7fd904086000-7fd904089000 r--s 00025000 07:00 660668                     /home/natalia/.m2/repository/org/grails/grails-plugin-url-mappings/2.3.7/grails-plugin-url-mappings-2.3.7.jar
7fd904089000-7fd90408b000 r--s 00005000 07:00 660666                     /home/natalia/.m2/repository/org/grails/grails-plugin-servlets/2.3.7/grails-plugin-servlets-2.3.7.jar
7fd90408b000-7fd904093000 r--s 00034000 07:00 660664                     /home/natalia/.m2/repository/org/springframework/spring-tx/3.2.8.RELEASE/spring-tx-3.2.8.RELEASE.jar
7fd904093000-7fd904094000 r--s 00009000 07:00 660662                     /home/natalia/.m2/repository/org/grails/grails-plugin-services/2.3.7/grails-plugin-services-2.3.7.jar
7fd904094000-7fd904095000 r--s 00001000 07:00 538506                     /home/natalia/.m2/repository/org/slf4j/jul-to-slf4j/1.7.5/jul-to-slf4j-1.7.5.jar
7fd904095000-7fd90409b000 r--s 00033000 07:00 660658                     /home/natalia/.m2/repository/commons-codec/commons-codec/1.6/commons-codec-1.6.jar
7fd90409b000-7fd90409e000 r--s 00016000 07:00 660656                     /home/natalia/.m2/repository/org/grails/grails-plugin-codecs/2.3.7/grails-plugin-codecs-2.3.7.jar
7fd90409e000-7fd90409f000 r--s 00000000 07:00 660654                     /home/natalia/.m2/repository/org/grails/grails-logging/2.3.7/grails-logging-2.3.7.jar
7fd90409f000-7fd9040a6000 r--s 00062000 07:00 660652                     /home/natalia/.m2/repository/org/grails/grails-plugin-gsp/2.3.7/grails-plugin-gsp-2.3.7.jar
7fd9040a6000-7fd9040a8000 r--s 0000b000 07:00 660651                     /home/natalia/.m2/repository/org/grails/grails-plugin-filters/2.3.7/grails-plugin-filters-2.3.7.jar
7fd9040a8000-7fd9040ad000 r--s 00041000 07:00 660055                     /home/natalia/.m2/repository/commons-lang/commons-lang/2.6/commons-lang-2.6.jar
7fd9040ad000-7fd9040ae000 r--s 00005000 07:00 660648                     /home/natalia/.m2/repository/org/grails/grails-plugin-i18n/2.3.7/grails-plugin-i18n-2.3.7.jar
7fd9040ae000-7fd9040b1000 r--s 0001f000 07:00 660646                     /home/natalia/.m2/repository/commons-validator/commons-validator/1.3.1/commons-validator-1.3.1.jar
7fd9040b1000-7fd9040b3000 r--s 00000000 07:00 660644                     /home/natalia/.m2/repository/aopalliance/aopalliance/1.0/aopalliance-1.0.jar
7fd9040b3000-7fd9040c5000 r--s 000c4000 07:00 660643                     /home/natalia/.m2/repository/org/springframework/spring-core/3.2.8.RELEASE/spring-core-3.2.8.RELEASE.jar
7fd9040c5000-7fd9040ca000 r--s 00017000 07:00 660640                     /home/natalia/.m2/repository/org/hibernate/javax/persistence/hibernate-jpa-2.1-api/1.0.0.Final/hibernate-jpa-2.1-api-1.0.0.Final.jar
7fd9040ca000-7fd9040d6000 r--s 0008a000 07:00 660638                     /home/natalia/.m2/repository/org/springframework/spring-beans/3.2.8.RELEASE/spring-beans-3.2.8.RELEASE.jar
7fd9040d6000-7fd9040d7000 r--s 0000a000 07:00 660636                     /home/natalia/.m2/repository/asm/asm/3.3.1/asm-3.3.1.jar
7fd9040d7000-7fd9040e5000 r--s 0008c000 07:00 660634                     /home/natalia/.m2/repository/org/springframework/spring-web/3.2.8.RELEASE/spring-web-3.2.8.RELEASE.jar
7fd9040e5000-7fd9040e8000 r--s 00041000 07:00 404365                     /home/natalia/.m2/repository/xalan/serializer/2.7.1/serializer-2.7.1.jar
7fd9040e8000-7fd9040ea000 r--s 0000e000 07:00 660632                     /home/natalia/.m2/repository/oro/oro/2.0.8/oro-2.0.8.jar
7fd9040ea000-7fd9040fd000 r--s 000e9000 07:00 404470                     /home/natalia/.m2/repository/org/grails/grails-core/2.3.7/grails-core-2.3.7.jar
7fd9040fd000-7fd9040fe000 r--s 00005000 07:00 660630                     /home/natalia/.m2/repository/org/grails/grails-plugin-databinding/2.3.7/grails-plugin-databinding-2.3.7.jar
7fd9040fe000-7fd904100000 r--s 00008000 07:00 660628                     /home/natalia/.m2/repository/org/grails/grails-plugin-validation/2.3.7/grails-plugin-validation-2.3.7.jar
7fd904100000-7fd904104000 r--s 00028000 07:00 660626                     /home/natalia/.m2/repository/org/grails/grails-plugin-controllers/2.3.7/grails-plugin-controllers-2.3.7.jar
7fd904104000-7fd904109000 r--s 0002a000 07:00 660624                     /home/natalia/.m2/repository/com/google/code/gson/gson/2.2.4/gson-2.2.4.jar
7fd904109000-7fd904112000 r--s 0004a000 07:00 660622                     /home/natalia/.m2/repository/org/springframework/spring-aop/3.2.8.RELEASE/spring-aop-3.2.8.RELEASE.jar
7fd904112000-7fd904127000 r--s 000bf000 07:00 660620                     /home/natalia/.m2/repository/org/springframework/spring-context/3.2.8.RELEASE/spring-context-3.2.8.RELEASE.jar
7fd904127000-7fd904131000 r--s 0005a000 07:00 660618                     /home/natalia/.m2/repository/org/springframework/spring-jdbc/3.2.8.RELEASE/spring-jdbc-3.2.8.RELEASE.jar
7fd904131000-7fd904133000 r--s 00008000 07:00 660616                     /home/natalia/.m2/repository/org/apache/tomcat/tomcat-juli/7.0.50/tomcat-juli-7.0.50.jar
7fd904133000-7fd904135000 r--s 0001d000 07:00 660614                     /home/natalia/.m2/repository/org/apache/tomcat/tomcat-jdbc/7.0.50/tomcat-jdbc-7.0.50.jar
7fd904135000-7fd904137000 r--s 0000d000 07:00 660610                     /home/natalia/.m2/repository/org/grails/grails-plugin-datasource/2.3.7/grails-plugin-datasource-2.3.7.jar
7fd904137000-7fd90413a000 r--s 00011000 07:00 538504                     /home/natalia/.m2/repository/org/grails/grails-databinding/2.3.7/grails-databinding-2.3.7.jar
7fd90413a000-7fd90413c000 r--s 00009000 07:00 404468                     /home/natalia/.m2/repository/org/grails/grails-spring/2.3.7/grails-spring-2.3.7.jar
7fd90413c000-7fd904141000 r--s 00034000 07:00 660608                     /home/natalia/.m2/repository/commons-beanutils/commons-beanutils/1.8.3/commons-beanutils-1.8.3.jar
7fd904141000-7fd904144000 r--s 00009000 07:00 660606                     /home/natalia/.m2/repository/org/objenesis/objenesis/1.4/objenesis-1.4.jar
7fd904144000-7fd904147000 r--s 00019000 07:00 660604                     /home/natalia/.m2/repository/commons-el/commons-el/1.0/commons-el-1.0.jar
7fd904147000-7fd904149000 r--s 00004000 07:00 660602                     /home/natalia/.m2/repository/javax/servlet/jstl/1.1.2/jstl-1.1.2.jar
7fd904149000-7fd90414b000 r--s 00005000 07:00 660600                     /home/natalia/.m2/repository/xpp3/xpp3_min/1.1.4c/xpp3_min-1.1.4c.jar
7fd90414b000-7fd904157000 r--s 00090000 07:00 660597                     /home/natalia/.m2/repository/org/springframework/spring-webmvc/3.2.8.RELEASE/spring-webmvc-3.2.8.RELEASE.jar
7fd904157000-7fd90415d000 r--s 00036000 07:00 660043                     /home/natalia/.m2/repository/junit/junit/4.11/junit-4.11.jar
7fd90415d000-7fd90415f000 r--s 0000b000 07:00 660594                     /home/natalia/.m2/repository/org/springframework/spring-aspects/3.2.8.RELEASE/spring-aspects-3.2.8.RELEASE.jar
7fd90415f000-7fd904164000 r--s 00019000 07:00 660593                     /home/natalia/.m2/repository/org/aspectj/aspectjrt/1.7.4/aspectjrt-1.7.4.jar
7fd904164000-7fd90416a000 r--s 00027000 07:00 660590                     /home/natalia/.m2/repository/opensymphony/sitemesh/2.4/sitemesh-2.4.jar
7fd90416a000-7fd90417a000 r-xp 00000000 07:00 291490                     /home/natalia/Software/jdk1.7.0_51/jre/lib/amd64/libnio.so
7fd90417a000-7fd90437a000 ---p 00010000 07:00 291490                     /home/natalia/Software/jdk1.7.0_51/jre/lib/amd64/libnio.so
7fd90437a000-7fd90437b000 rw-p 00010000 07:00 291490                     /home/natalia/Software/jdk1.7.0_51/jre/lib/amd64/libnio.so
7fd90437b000-7fd904391000 r-xp 00000000 07:00 291495                     /home/natalia/Software/jdk1.7.0_51/jre/lib/amd64/libnet.so
7fd904391000-7fd904591000 ---p 00016000 07:00 291495                     /home/natalia/Software/jdk1.7.0_51/jre/lib/amd64/libnet.so
7fd904591000-7fd904592000 rw-p 00016000 07:00 291495                     /home/natalia/Software/jdk1.7.0_51/jre/lib/amd64/libnet.so
7fd904592000-7fd904595000 ---p 00000000 00:00 0 
7fd904595000-7fd904693000 rw-p 00000000 00:00 0                          [stack:6088]
7fd904693000-7fd904694000 r-xp 00000000 07:00 155975                     /tmp/libjansi-64-5769448229140519055.so
7fd904694000-7fd904893000 ---p 00001000 07:00 155975                     /tmp/libjansi-64-5769448229140519055.so
7fd904893000-7fd904894000 rw-p 00000000 07:00 155975                     /tmp/libjansi-64-5769448229140519055.so
7fd904894000-7fd904895000 ---p 00000000 00:00 0 
7fd904895000-7fd904995000 rw-p 00000000 00:00 0                          [stack:6079]
7fd904995000-7fd904998000 ---p 00000000 00:00 0 
7fd904998000-7fd904a96000 rw-p 00000000 00:00 0                          [stack:6078]
7fd904a96000-7fd904a99000 ---p 00000000 00:00 0 
7fd904a99000-7fd904b97000 rw-p 00000000 00:00 0                          [stack:6077]
7fd904b97000-7fd904b9a000 ---p 00000000 00:00 0 
7fd904b9a000-7fd904c98000 rw-p 00000000 00:00 0                          [stack:6076]
7fd904c98000-7fd904c9e000 r--s 0005c000 07:00 535370                     /home/natalia/.gvm/grails/2.3.7/lib/org.springframework/springloaded/jars/springloaded-1.1.5.RELEASE.jar
7fd904c9e000-7fd904cc0000 r--s 00267000 07:00 660069                     /home/natalia/.m2/repository/org/apache/tomcat/embed/tomcat-embed-core/7.0.52/tomcat-embed-core-7.0.52.jar
7fd904cc0000-7fd904cc2000 r--s 00013000 07:00 660063                     /home/natalia/.m2/repository/org/apache/tomcat/embed/tomcat-embed-logging-log4j/7.0.52/tomcat-embed-logging-log4j-7.0.52.jar
7fd904cc2000-7fd904cc6000 r--s 00025000 07:00 660061                     /home/natalia/.m2/repository/org/apache/tomcat/embed/tomcat-embed-el/7.0.52/tomcat-embed-el-7.0.52.jar
7fd904cc6000-7fd904cc8000 r--s 0000c000 07:00 660057                     /home/natalia/.m2/repository/org/apache/tomcat/tomcat-catalina-ant/7.0.52/tomcat-catalina-ant-7.0.52.jar
7fd904cc8000-7fd904cca000 r--s 0000e000 07:00 154213                     /home/natalia/eduweb2014/target/work/plugins/tomcat-7.0.52.1/grails-plugin-tomcat-7.0.52.1.jar
7fd904cca000-7fd904cda000 r--s 0019c000 07:00 660067                     /home/natalia/.m2/repository/org/eclipse/jdt/core/compiler/ecj/3.7.2/ecj-3.7.2.jar
7fd904cda000-7fd904cdf000 r--s 0002f000 07:00 660065                     /home/natalia/.m2/repository/org/apache/tomcat/embed/tomcat-embed-websocket/7.0.52/tomcat-embed-websocket-7.0.52.jar
7fd904cdf000-7fd904ce8000 r--s 0009f000 07:00 660059                     /home/natalia/.m2/repository/org/apache/tomcat/embed/tomcat-embed-jasper/7.0.52/tomcat-embed-jasper-7.0.52.jar
7fd904ce8000-7fd904cea000 r--s 0001a000 07:00 538445                     /home/natalia/.m2/repository/org/fusesource/jansi/jansi/1.11/jansi-1.11.jar
7fd904cea000-7fd904cff000 r--s 00116000 07:00 538443                     /home/natalia/.m2/repository/org/apache/ivy/ivy/2.3.0/ivy-2.3.0.jar
7fd904cff000-7fd904d02000 r--s 00018000 07:00 538439                     /home/natalia/.m2/repository/org/apache/ant/ant-junit/1.8.4/ant-junit-1.8.4.jar
7fd904d02000-7fd904d03000 r--s 00001000 07:00 538435                     /home/natalia/.m2/repository/org/apache/ant/ant-trax/1.7.1/ant-trax-1.7.1.jar
7fd904d03000-7fd904d04000 r--s 00004000 07:00 538433                     /home/natalia/.m2/repository/org/apache/ant/ant-launcher/1.8.4/ant-launcher-1.8.4.jar
7fd904d04000-7fd904d07000 r--s 00030000 07:00 538431                     /home/natalia/.m2/repository/jline/jline/2.11/jline-2.11.jar
7fd904d07000-7fd904d25000 r--s 001bd000 07:00 538429                     /home/natalia/.m2/repository/org/apache/ant/ant/1.8.4/ant-1.8.4.jar
7fd904d25000-7fd904d27000 r--s 00005000 07:00 538426                     /home/natalia/.m2/repository/org/slf4j/slf4j-api/1.7.5/slf4j-api-1.7.5.jar
7fd904d27000-7fd904d33000 r--s 000c4000 07:00 404367                     /home/natalia/.m2/repository/org/grails/grails-bootstrap/2.3.7/grails-bootstrap-2.3.7.jar
7fd904d33000-7fd904d3c000 r--s 0006f000 07:00 660694                     /home/natalia/.m2/repository/log4j/log4j/1.2.17/log4j-1.2.17.jar
7fd904d3c000-7fd904d3e000 r--s 0000d000 07:00 660660                     /home/natalia/.m2/repository/org/grails/grails-plugin-log4j/2.3.7/grails-plugin-log4j-2.3.7.jar
7fd904d3e000-7fd904d40000 r--s 00013000 07:00 660612                     /home/natalia/.m2/repository/org/apache/tomcat/embed/tomcat-embed-logging-log4j/7.0.50/tomcat-embed-logging-log4j-7.0.50.jar
7fd904d40000-7fd904d45000 r--s 00050000 07:00 292800                     /home/natalia/.gvm/grails/2.3.7/lib/org.codehaus.gant/gant_groovy1.8/jars/gant_groovy1.8-1.9.6.jar
7fd904d45000-7fd904d47000 r--s 00003000 07:00 538427                     /home/natalia/.m2/repository/org/slf4j/jcl-over-slf4j/1.7.5/jcl-over-slf4j-1.7.5.jar
7fd904d47000-7fd904daa000 r--s 005b3000 07:00 660578                     /home/natalia/.m2/repository/org/codehaus/groovy/groovy-all/2.1.9/groovy-all-2.1.9.jar
7fd904daa000-7fd904e14000 r--s 00e1b000 07:00 150428                     /home/natalia/Software/jdk1.7.0_51/lib/tools.jar
7fd904e14000-7fd904e17000 ---p 00000000 00:00 0 
7fd904e17000-7fd904f15000 rw-p 00000000 00:00 0                          [stack:6075]
7fd904f15000-7fd9055f6000 r--p 00000000 07:00 919945                     /usr/lib/locale/locale-archive
7fd9055f6000-7fd9055f9000 ---p 00000000 00:00 0 
7fd9055f9000-7fd9056f7000 rw-p 00000000 00:00 0                          [stack:6074]
7fd9056f7000-7fd9056fa000 ---p 00000000 00:00 0 
7fd9056fa000-7fd9057f8000 rw-p 00000000 00:00 0                          [stack:6073]
7fd9057f8000-7fd9057f9000 ---p 00000000 00:00 0 
7fd9057f9000-7fd908000000 rw-p 00000000 00:00 0                          [stack:6072]
7fd908000000-7fd908021000 rw-p 00000000 00:00 0 
7fd908021000-7fd90c000000 ---p 00000000 00:00 0 
7fd90c002000-7fd90c004000 r--s 0000f000 07:00 660588                     /home/natalia/.m2/repository/commons-fileupload/commons-fileupload/1.3.1/commons-fileupload-1.3.1.jar
7fd90c004000-7fd90c01c000 r--s 001ac000 07:00 660586                     /home/natalia/.m2/repository/org/aspectj/aspectjweaver/1.7.4/aspectjweaver-1.7.4.jar
7fd90c01c000-7fd90c020000 r--s 0001c000 07:00 660584                     /home/natalia/.m2/repository/org/springframework/spring-context-support/3.2.8.RELEASE/spring-context-support-3.2.8.RELEASE.jar
7fd90c020000-7fd90c02e000 r--s 0007f000 07:00 660580                     /home/natalia/.m2/repository/commons-collections/commons-collections/3.2.1/commons-collections-3.2.1.jar
7fd90c02e000-7fd90c03e000 r--s 000eb000 07:00 404466                     /home/natalia/.m2/repository/org/grails/grails-web/2.3.7/grails-web-2.3.7.jar
7fd90c03e000-7fd90c041000 ---p 00000000 00:00 0 
7fd90c041000-7fd90c8ca000 rw-p 00000000 00:00 0                          [stack:6081]
7fd90c8ca000-7fd90ca87000 r--s 039bf000 07:00 291542                     /home/natalia/Software/jdk1.7.0_51/jre/lib/rt.jar
7fd90ca87000-7fd90ccfd000 rw-p 00000000 00:00 0 
7fd90ccfd000-7fd90ccfe000 ---p 00000000 00:00 0 
7fd90ccfe000-7fd90cdfe000 rw-p 00000000 00:00 0                          [stack:6071]
7fd90cdfe000-7fd90cdff000 ---p 00000000 00:00 0 
7fd90cdff000-7fd90ceff000 rw-p 00000000 00:00 0                          [stack:6070]
7fd90ceff000-7fd90cf00000 ---p 00000000 00:00 0 
7fd90cf00000-7fd90d000000 rw-p 00000000 00:00 0                          [stack:6069]
7fd90d000000-7fd90d470000 rwxp 00000000 00:00 0 
7fd90d470000-7fd910bf5000 rw-p 00000000 00:00 0 
7fd910bf5000-7fd914000000 ---p 00000000 00:00 0 
7fd914002000-7fd91400b000 r--s 00058000 07:00 660582                     /home/natalia/.m2/repository/taglibs/standard/1.1.2/standard-1.1.2.jar
7fd91400b000-7fd914030000 r--p 00000000 07:00 801324                     /usr/share/locale-langpack/es/LC_MESSAGES/libc.mo
7fd914030000-7fd91408b000 rw-p 00000000 00:00 0 
7fd91408b000-7fd91408c000 ---p 00000000 00:00 0 
7fd91408c000-7fd91419f000 rw-p 00000000 00:00 0                          [stack:6068]
7fd91419f000-7fd91420c000 rw-p 00000000 00:00 0 
7fd91420c000-7fd91423c000 rw-p 00000000 00:00 0 
7fd91423c000-7fd914272000 ---p 00000000 00:00 0 
7fd914272000-7fd91430c000 rw-p 00000000 00:00 0 
7fd91430c000-7fd91431f000 rw-p 00000000 00:00 0 
7fd91431f000-7fd91438c000 rw-p 00000000 00:00 0 
7fd91438c000-7fd9143bc000 rw-p 00000000 00:00 0 
7fd9143bc000-7fd9143f2000 ---p 00000000 00:00 0 
7fd9143f2000-7fd91448c000 rw-p 00000000 00:00 0 
7fd91448c000-7fd9144ff000 rw-p 00000000 00:00 0 
7fd9144ff000-7fd91450c000 rw-p 00000000 00:00 0 
7fd91450c000-7fd91450d000 rw-p 00000000 00:00 0 
7fd91450d000-7fd914527000 r-xp 00000000 07:00 291532                     /home/natalia/Software/jdk1.7.0_51/jre/lib/amd64/libzip.so
7fd914527000-7fd914727000 ---p 0001a000 07:00 291532                     /home/natalia/Software/jdk1.7.0_51/jre/lib/amd64/libzip.so
7fd914727000-7fd914728000 rw-p 0001a000 07:00 291532                     /home/natalia/Software/jdk1.7.0_51/jre/lib/amd64/libzip.so
7fd914728000-7fd914734000 r-xp 00000000 07:00 659704                     /lib/x86_64-linux-gnu/libnss_files-2.15.so
7fd914734000-7fd914933000 ---p 0000c000 07:00 659704                     /lib/x86_64-linux-gnu/libnss_files-2.15.so
7fd914933000-7fd914934000 r--p 0000b000 07:00 659704                     /lib/x86_64-linux-gnu/libnss_files-2.15.so
7fd914934000-7fd914935000 rw-p 0000c000 07:00 659704                     /lib/x86_64-linux-gnu/libnss_files-2.15.so
7fd914935000-7fd91493f000 r-xp 00000000 07:00 659708                     /lib/x86_64-linux-gnu/libnss_nis-2.15.so
7fd91493f000-7fd914b3f000 ---p 0000a000 07:00 659708                     /lib/x86_64-linux-gnu/libnss_nis-2.15.so
7fd914b3f000-7fd914b40000 r--p 0000a000 07:00 659708                     /lib/x86_64-linux-gnu/libnss_nis-2.15.so
7fd914b40000-7fd914b41000 rw-p 0000b000 07:00 659708                     /lib/x86_64-linux-gnu/libnss_nis-2.15.so
7fd914b41000-7fd914b58000 r-xp 00000000 07:00 659698                     /lib/x86_64-linux-gnu/libnsl-2.15.so
7fd914b58000-7fd914d57000 ---p 00017000 07:00 659698                     /lib/x86_64-linux-gnu/libnsl-2.15.so
7fd914d57000-7fd914d58000 r--p 00016000 07:00 659698                     /lib/x86_64-linux-gnu/libnsl-2.15.so
7fd914d58000-7fd914d59000 rw-p 00017000 07:00 659698                     /lib/x86_64-linux-gnu/libnsl-2.15.so
7fd914d59000-7fd914d5b000 rw-p 00000000 00:00 0 
7fd914d5b000-7fd914d63000 r-xp 00000000 07:00 659700                     /lib/x86_64-linux-gnu/libnss_compat-2.15.so
7fd914d63000-7fd914f62000 ---p 00008000 07:00 659700                     /lib/x86_64-linux-gnu/libnss_compat-2.15.so
7fd914f62000-7fd914f63000 r--p 00007000 07:00 659700                     /lib/x86_64-linux-gnu/libnss_compat-2.15.so
7fd914f63000-7fd914f64000 rw-p 00008000 07:00 659700                     /lib/x86_64-linux-gnu/libnss_compat-2.15.so
7fd914f64000-7fd914f6e000 r-xp 00000000 07:00 291494                     /home/natalia/Software/jdk1.7.0_51/jre/lib/amd64/libinstrument.so
7fd914f6e000-7fd91516d000 ---p 0000a000 07:00 291494                     /home/natalia/Software/jdk1.7.0_51/jre/lib/amd64/libinstrument.so
7fd91516d000-7fd91516e000 rw-p 00009000 07:00 291494                     /home/natalia/Software/jdk1.7.0_51/jre/lib/amd64/libinstrument.so
7fd91516e000-7fd915197000 r-xp 00000000 07:00 291522                     /home/natalia/Software/jdk1.7.0_51/jre/lib/amd64/libjava.so
7fd915197000-7fd915397000 ---p 00029000 07:00 291522                     /home/natalia/Software/jdk1.7.0_51/jre/lib/amd64/libjava.so
7fd915397000-7fd915399000 rw-p 00029000 07:00 291522                     /home/natalia/Software/jdk1.7.0_51/jre/lib/amd64/libjava.so
7fd915399000-7fd9153a6000 r-xp 00000000 07:00 291520                     /home/natalia/Software/jdk1.7.0_51/jre/lib/amd64/libverify.so
7fd9153a6000-7fd9155a5000 ---p 0000d000 07:00 291520                     /home/natalia/Software/jdk1.7.0_51/jre/lib/amd64/libverify.so
7fd9155a5000-7fd9155a7000 rw-p 0000c000 07:00 291520                     /home/natalia/Software/jdk1.7.0_51/jre/lib/amd64/libverify.so
7fd9155a7000-7fd9155ae000 r-xp 00000000 07:00 659743                     /lib/x86_64-linux-gnu/librt-2.15.so
7fd9155ae000-7fd9157ad000 ---p 00007000 07:00 659743                     /lib/x86_64-linux-gnu/librt-2.15.so
7fd9157ad000-7fd9157ae000 r--p 00006000 07:00 659743                     /lib/x86_64-linux-gnu/librt-2.15.so
7fd9157ae000-7fd9157af000 rw-p 00007000 07:00 659743                     /lib/x86_64-linux-gnu/librt-2.15.so
7fd9157af000-7fd9158aa000 r-xp 00000000 07:00 659681                     /lib/x86_64-linux-gnu/libm-2.15.so
7fd9158aa000-7fd915aa9000 ---p 000fb000 07:00 659681                     /lib/x86_64-linux-gnu/libm-2.15.so
7fd915aa9000-7fd915aaa000 r--p 000fa000 07:00 659681                     /lib/x86_64-linux-gnu/libm-2.15.so
7fd915aaa000-7fd915aab000 rw-p 000fb000 07:00 659681                     /lib/x86_64-linux-gnu/libm-2.15.so
7fd915aab000-7fd91660d000 r-xp 00000000 07:00 403270                     /home/natalia/Software/jdk1.7.0_51/jre/lib/amd64/server/libjvm.so
7fd91660d000-7fd91680d000 ---p 00b62000 07:00 403270                     /home/natalia/Software/jdk1.7.0_51/jre/lib/amd64/server/libjvm.so
7fd91680d000-7fd9168d0000 rw-p 00b62000 07:00 403270                     /home/natalia/Software/jdk1.7.0_51/jre/lib/amd64/server/libjvm.so
7fd9168d0000-7fd916911000 rw-p 00000000 00:00 0 
7fd916911000-7fd916ac6000 r-xp 00000000 07:00 659639                     /lib/x86_64-linux-gnu/libc-2.15.so
7fd916ac6000-7fd916cc5000 ---p 001b5000 07:00 659639                     /lib/x86_64-linux-gnu/libc-2.15.so
7fd916cc5000-7fd916cc9000 r--p 001b4000 07:00 659639                     /lib/x86_64-linux-gnu/libc-2.15.so
7fd916cc9000-7fd916ccb000 rw-p 001b8000 07:00 659639                     /lib/x86_64-linux-gnu/libc-2.15.so
7fd916ccb000-7fd916cd0000 rw-p 00000000 00:00 0 
7fd916cd0000-7fd916cd2000 r-xp 00000000 07:00 659654                     /lib/x86_64-linux-gnu/libdl-2.15.so
7fd916cd2000-7fd916ed2000 ---p 00002000 07:00 659654                     /lib/x86_64-linux-gnu/libdl-2.15.so
7fd916ed2000-7fd916ed3000 r--p 00002000 07:00 659654                     /lib/x86_64-linux-gnu/libdl-2.15.so
7fd916ed3000-7fd916ed4000 rw-p 00003000 07:00 659654                     /lib/x86_64-linux-gnu/libdl-2.15.so
7fd916ed4000-7fd916eea000 r-xp 00000000 07:00 150436                     /home/natalia/Software/jdk1.7.0_51/lib/amd64/jli/libjli.so
7fd916eea000-7fd9170ea000 ---p 00016000 07:00 150436                     /home/natalia/Software/jdk1.7.0_51/lib/amd64/jli/libjli.so
7fd9170ea000-7fd9170eb000 rw-p 00016000 07:00 150436                     /home/natalia/Software/jdk1.7.0_51/lib/amd64/jli/libjli.so
7fd9170eb000-7fd917103000 r-xp 00000000 07:00 659735                     /lib/x86_64-linux-gnu/libpthread-2.15.so
7fd917103000-7fd917302000 ---p 00018000 07:00 659735                     /lib/x86_64-linux-gnu/libpthread-2.15.so
7fd917302000-7fd917303000 r--p 00017000 07:00 659735                     /lib/x86_64-linux-gnu/libpthread-2.15.so
7fd917303000-7fd917304000 rw-p 00018000 07:00 659735                     /lib/x86_64-linux-gnu/libpthread-2.15.so
7fd917304000-7fd917308000 rw-p 00000000 00:00 0 
7fd917308000-7fd91732a000 r-xp 00000000 07:00 659617                     /lib/x86_64-linux-gnu/ld-2.15.so
7fd91732a000-7fd91732b000 rw-p 00000000 00:00 0 
7fd91732b000-7fd917335000 r--s 00250000 07:00 291432                     /home/natalia/Software/jdk1.7.0_51/jre/lib/resources.jar
7fd917335000-7fd91733c000 r--s 00000000 07:00 131907                     /usr/lib/x86_64-linux-gnu/gconv/gconv-modules.cache
7fd91733c000-7fd917362000 rw-p 00000000 00:00 0 
7fd917362000-7fd917410000 rw-p 00000000 00:00 0 
7fd917410000-7fd917413000 ---p 00000000 00:00 0 
7fd917413000-7fd917515000 rw-p 00000000 00:00 0                          [stack:6067]
7fd917515000-7fd917518000 r--s 00035000 07:00 404464                     /home/natalia/.m2/repository/org/grails/grails-plugin-rest/2.3.7/grails-plugin-rest-2.3.7.jar
7fd917518000-7fd91751a000 r--s 00001000 07:00 525622                     /home/natalia/Software/jdk1.7.0_51/jre/lib/ext/dnsns.jar
7fd91751a000-7fd91751e000 r--s 0008a000 07:00 291421                     /home/natalia/Software/jdk1.7.0_51/jre/lib/jsse.jar
7fd91751e000-7fd917526000 rw-s 00000000 07:00 550927                     /tmp/hsperfdata_natalia/6064
7fd917526000-7fd917527000 rw-p 00000000 00:00 0 
7fd917527000-7fd917528000 ---p 00000000 00:00 0 
7fd917528000-7fd91752a000 rw-p 00000000 00:00 0 
7fd91752a000-7fd91752b000 r--p 00022000 07:00 659617                     /lib/x86_64-linux-gnu/ld-2.15.so
7fd91752b000-7fd91752d000 rw-p 00023000 07:00 659617                     /lib/x86_64-linux-gnu/ld-2.15.so
7fff6dc4f000-7fff6dc71000 rw-p 00000000 00:00 0                          [stack]
7fff6ddff000-7fff6de00000 r-xp 00000000 00:00 0                          [vdso]
ffffffffff600000-ffffffffff601000 r-xp 00000000 00:00 0                  [vsyscall]

VM Arguments:
jvm_args: -Dfile.encoding=UTF-8 -Xmx768M -Xms64M -XX:MaxPermSize=256m -Dgrails.fork.active=true -Dgrails.build.execution.context=/tmp/eduweb20141490225182084049207grails-execution-context -Dgrails.home=/home/natalia/.gvm/grails/2.3.7 -javaagent:/home/natalia/.gvm/grails/2.3.7/lib/org.springframework/springloaded/jars/springloaded-1.1.5.RELEASE.jar -Xverify:none -Dspringloaded.synchronize=true -Djdk.reflect.allowGetCallerClass=true -Dspringloaded=profile=grails;cacheDir=/home/natalia/.grails/2.3.7 
java_command: org.grails.plugins.tomcat.fork.ForkedTomcatServer
Launcher Type: SUN_STANDARD

Environment Variables:
JAVA_HOME=/home/natalia/Software/jdk1.7.0_51
PATH=/home/natalia/.gvm/vertx/current/bin:/home/natalia/.gvm/springboot/current/bin:/home/natalia/.gvm/lazybones/current/bin:/home/natalia/.gvm/groovyserv/current/bin:/home/natalia/.gvm/groovy/current/bin:/home/natalia/.gvm/griffon/current/bin:/home/natalia/.gvm/grails/current/bin:/home/natalia/.gvm/gradle/current/bin:/home/natalia/.gvm/glide/current/bin:/home/natalia/.gvm/gaiden/current/bin:/usr/lib/lightdm/lightdm:/usr/local/sbin:/usr/local/bin:/usr/sbin:/usr/bin:/sbin:/bin:/usr/games:/usr/local/games:/home/natalia/Software/jdk1.7.0_51/bin
SHELL=/bin/bash
DISPLAY=:0

Signal Handlers:
SIGSEGV: [libjvm.so+0x993870], sa_mask[0]=0x7ffbfeff, sa_flags=0x10000004
SIGBUS: [libjvm.so+0x993870], sa_mask[0]=0x7ffbfeff, sa_flags=0x10000004
SIGFPE: [libjvm.so+0x8105b0], sa_mask[0]=0x7ffbfeff, sa_flags=0x10000004
SIGPIPE: [libjvm.so+0x8105b0], sa_mask[0]=0x7ffbfeff, sa_flags=0x10000004
SIGXFSZ: [libjvm.so+0x8105b0], sa_mask[0]=0x7ffbfeff, sa_flags=0x10000004
SIGILL: [libjvm.so+0x8105b0], sa_mask[0]=0x7ffbfeff, sa_flags=0x10000004
SIGUSR1: SIG_DFL, sa_mask[0]=0x00000000, sa_flags=0x00000000
SIGUSR2: [libjvm.so+0x811aa0], sa_mask[0]=0x00000004, sa_flags=0x10000004
SIGHUP: [libjvm.so+0x812a10], sa_mask[0]=0x7ffbfeff, sa_flags=0x10000004
SIGINT: [libjvm.so+0x812a10], sa_mask[0]=0x7ffbfeff, sa_flags=0x10000004
SIGTERM: [libjvm.so+0x812a10], sa_mask[0]=0x7ffbfeff, sa_flags=0x10000004
SIGQUIT: [libjvm.so+0x812a10], sa_mask[0]=0x7ffbfeff, sa_flags=0x10000004


---------------  S Y S T E M  ---------------

OS:wheezy/sid

uname:Linux 3.5.0-17-generic #28-Ubuntu SMP Tue Oct 9 19:31:23 UTC 2012 x86_64
libc:glibc 2.15 NPTL 2.15 
rlimit: STACK 8192k, CORE 0k, NPROC 29828, NOFILE 4096, AS infinity
load average:19,02 10,45 5,28

/proc/meminfo:
MemTotal:        3836464 kB
MemFree:          727412 kB
Buffers:           59108 kB
Cached:           330964 kB
SwapCached:         9328 kB
Active:          2071392 kB
Inactive:         854092 kB
Active(anon):    2069976 kB
Inactive(anon):   734604 kB
Active(file):       1416 kB
Inactive(file):   119488 kB
Unevictable:       34116 kB
Mlocked:           31424 kB
SwapTotal:        262140 kB
SwapFree:            104 kB
Dirty:               160 kB
Writeback:             0 kB
AnonPages:       2560336 kB
Mapped:            13704 kB
Shmem:            260516 kB
Slab:              59164 kB
SReclaimable:      28080 kB
SUnreclaim:        31084 kB
KernelStack:        4200 kB
PageTables:        32024 kB
NFS_Unstable:          0 kB
Bounce:                0 kB
WritebackTmp:          0 kB
CommitLimit:     2180372 kB
Committed_AS:    5734140 kB
VmallocTotal:   34359738367 kB
VmallocUsed:      356548 kB
VmallocChunk:   34359380443 kB
HardwareCorrupted:     0 kB
AnonHugePages:         0 kB
HugePages_Total:       0
HugePages_Free:        0
HugePages_Rsvd:        0
HugePages_Surp:        0
Hugepagesize:       2048 kB
DirectMap4k:       53688 kB
DirectMap2M:     2877440 kB


CPU:total 4 (2 cores per cpu, 2 threads per core) family 6 model 37 stepping 5, cmov, cx8, fxsr, mmx, sse, sse2, sse3, ssse3, sse4.1, sse4.2, popcnt, ht, tsc, tscinvbit

/proc/cpuinfo:
processor	: 0
vendor_id	: GenuineIntel
cpu family	: 6
model		: 37
model name	: Intel(R) Core(TM) i5 CPU       M 480  @ 2.67GHz
stepping	: 5
microcode	: 0x2
cpu MHz		: 1466.000
cache size	: 3072 KB
physical id	: 0
siblings	: 4
core id		: 0
cpu cores	: 2
apicid		: 0
initial apicid	: 0
fpu		: yes
fpu_exception	: yes
cpuid level	: 11
wp		: yes
flags		: fpu vme de pse tsc msr pae mce cx8 apic sep mtrr pge mca cmov pat pse36 clflush dts acpi mmx fxsr sse sse2 ss ht tm pbe syscall nx rdtscp lm constant_tsc arch_perfmon pebs bts rep_good nopl xtopology nonstop_tsc aperfmperf pni dtes64 monitor ds_cpl vmx est tm2 ssse3 cx16 xtpr pdcm pcid sse4_1 sse4_2 popcnt lahf_lm ida arat dtherm tpr_shadow vnmi flexpriority ept vpid
bogomips	: 5319.35
clflush size	: 64
cache_alignment	: 64
address sizes	: 36 bits physical, 48 bits virtual
power management:

processor	: 1
vendor_id	: GenuineIntel
cpu family	: 6
model		: 37
model name	: Intel(R) Core(TM) i5 CPU       M 480  @ 2.67GHz
stepping	: 5
microcode	: 0x2
cpu MHz		: 1599.000
cache size	: 3072 KB
physical id	: 0
siblings	: 4
core id		: 2
cpu cores	: 2
apicid		: 4
initial apicid	: 4
fpu		: yes
fpu_exception	: yes
cpuid level	: 11
wp		: yes
flags		: fpu vme de pse tsc msr pae mce cx8 apic sep mtrr pge mca cmov pat pse36 clflush dts acpi mmx fxsr sse sse2 ss ht tm pbe syscall nx rdtscp lm constant_tsc arch_perfmon pebs bts rep_good nopl xtopology nonstop_tsc aperfmperf pni dtes64 monitor ds_cpl vmx est tm2 ssse3 cx16 xtpr pdcm pcid sse4_1 sse4_2 popcnt lahf_lm ida arat dtherm tpr_shadow vnmi flexpriority ept vpid
bogomips	: 5319.35
clflush size	: 64
cache_alignment	: 64
address sizes	: 36 bits physical, 48 bits virtual
power management:

processor	: 2
vendor_id	: GenuineIntel
cpu family	: 6
model		: 37
model name	: Intel(R) Core(TM) i5 CPU       M 480  @ 2.67GHz
stepping	: 5
microcode	: 0x2
cpu MHz		: 1466.000
cache size	: 3072 KB
physical id	: 0
siblings	: 4
core id		: 0
cpu cores	: 2
apicid		: 1
initial apicid	: 1
fpu		: yes
fpu_exception	: yes
cpuid level	: 11
wp		: yes
flags		: fpu vme de pse tsc msr pae mce cx8 apic sep mtrr pge mca cmov pat pse36 clflush dts acpi mmx fxsr sse sse2 ss ht tm pbe syscall nx rdtscp lm constant_tsc arch_perfmon pebs bts rep_good nopl xtopology nonstop_tsc aperfmperf pni dtes64 monitor ds_cpl vmx est tm2 ssse3 cx16 xtpr pdcm pcid sse4_1 sse4_2 popcnt lahf_lm ida arat dtherm tpr_shadow vnmi flexpriority ept vpid
bogomips	: 5319.35
clflush size	: 64
cache_alignment	: 64
address sizes	: 36 bits physical, 48 bits virtual
power management:

processor	: 3
vendor_id	: GenuineIntel
cpu family	: 6
model		: 37
model name	: Intel(R) Core(TM) i5 CPU       M 480  @ 2.67GHz
stepping	: 5
microcode	: 0x2
cpu MHz		: 1599.000
cache size	: 3072 KB
physical id	: 0
siblings	: 4
core id		: 2
cpu cores	: 2
apicid		: 5
initial apicid	: 5
fpu		: yes
fpu_exception	: yes
cpuid level	: 11
wp		: yes
flags		: fpu vme de pse tsc msr pae mce cx8 apic sep mtrr pge mca cmov pat pse36 clflush dts acpi mmx fxsr sse sse2 ss ht tm pbe syscall nx rdtscp lm constant_tsc arch_perfmon pebs bts rep_good nopl xtopology nonstop_tsc aperfmperf pni dtes64 monitor ds_cpl vmx est tm2 ssse3 cx16 xtpr pdcm pcid sse4_1 sse4_2 popcnt lahf_lm ida arat dtherm tpr_shadow vnmi flexpriority ept vpid
bogomips	: 5319.35
clflush size	: 64
cache_alignment	: 64
address sizes	: 36 bits physical, 48 bits virtual
power management:



Memory: 4k page, physical 3836464k(727412k free), swap 262140k(104k free)

vm_info: Java HotSpot(TM) 64-Bit Server VM (24.51-b03) for linux-amd64 JRE (1.7.0_51-b13), built on Dec 18 2013 18:48:01 by "java_re" with gcc 4.3.0 20080428 (Red Hat 4.3.0-8)

time: Fri Jul 11 22:23:03 2014
elapsed time: 144 seconds

